This is pdfTeX, Version 3.141592653-2.6-1.40.24 (TeX Live 2022/nixos.org) (preloaded format=pdflatex 1980.1.1)  21 APR 2024 01:47
entering extended mode
 restricted \write18 enabled.
 file:line:error style messages enabled.
 %&-line parsing enabled.
**main.tex
(./main.tex
LaTeX2e <2022-11-01> patch level 1
L3 programming layer <2023-02-22> (/nix/store/si6dfvivbdxnnc13y9gxm6l27lqwcvsj-texlive-2022-env-texmfdist/tex/latex/base/article.cls
Document Class: article 2022/07/02 v1.4n Standard LaTeX document class
(/nix/store/si6dfvivbdxnnc13y9gxm6l27lqwcvsj-texlive-2022-env-texmfdist/tex/latex/base/size12.clo
File: size12.clo 2022/07/02 v1.4n Standard LaTeX file (size option)
)
\c@part=\count185
\c@section=\count186
\c@subsection=\count187
\c@subsubsection=\count188
\c@paragraph=\count189
\c@subparagraph=\count190
\c@figure=\count191
\c@table=\count192
\abovecaptionskip=\skip48
\belowcaptionskip=\skip49
\bibindent=\dimen140
) (./sbc-template.sty
Package: sbc-template 2001/06/09
 (/nix/store/si6dfvivbdxnnc13y9gxm6l27lqwcvsj-texlive-2022-env-texmfdist/tex/latex/geometry/geometry.sty
Package: geometry 2020/01/02 v5.9 Page Geometry
 (/nix/store/si6dfvivbdxnnc13y9gxm6l27lqwcvsj-texlive-2022-env-texmfdist/tex/latex/graphics/keyval.sty
Package: keyval 2022/05/29 v1.15 key=value parser (DPC)
\KV@toks@=\toks16
) (/nix/store/si6dfvivbdxnnc13y9gxm6l27lqwcvsj-texlive-2022-env-texmfdist/tex/generic/iftex/ifvtex.sty
Package: ifvtex 2019/10/25 v1.7 ifvtex legacy package. Use iftex instead.
 (/nix/store/si6dfvivbdxnnc13y9gxm6l27lqwcvsj-texlive-2022-env-texmfdist/tex/generic/iftex/iftex.sty
Package: iftex 2022/02/03 v1.0f TeX engine tests
))
\Gm@cnth=\count193
\Gm@cntv=\count194
\c@Gm@tempcnt=\count195
\Gm@bindingoffset=\dimen141
\Gm@wd@mp=\dimen142
\Gm@odd@mp=\dimen143
\Gm@even@mp=\dimen144
\Gm@layoutwidth=\dimen145
\Gm@layoutheight=\dimen146
\Gm@layouthoffset=\dimen147
\Gm@layoutvoffset=\dimen148
\Gm@dimlist=\toks17
) (/nix/store/si6dfvivbdxnnc13y9gxm6l27lqwcvsj-texlive-2022-env-texmfdist/tex/latex/caption/caption.sty
Package: caption 2022/03/01 v3.6b Customizing captions (AR)
 (/nix/store/si6dfvivbdxnnc13y9gxm6l27lqwcvsj-texlive-2022-env-texmfdist/tex/latex/caption/caption3.sty
Package: caption3 2022/03/17 v2.3b caption3 kernel (AR)
\caption@tempdima=\dimen149
\captionmargin=\dimen150
\caption@leftmargin=\dimen151
\caption@rightmargin=\dimen152
\caption@width=\dimen153
\caption@indent=\dimen154
\caption@parindent=\dimen155
\caption@hangindent=\dimen156
Package caption Info: Standard document class detected.
)
\c@caption@flags=\count196
\c@continuedfloat=\count197
) (/nix/store/si6dfvivbdxnnc13y9gxm6l27lqwcvsj-texlive-2022-env-texmfdist/tex/latex/psnfss/times.sty
Package: times 2020/03/25 PSNFSS-v9.3 (SPQR) 
)
\c@instn=\count198
 (/nix/store/si6dfvivbdxnnc13y9gxm6l27lqwcvsj-texlive-2022-env-texmfdist/tex/latex/titlesec/titlesec.sty
Package: titlesec 2021/07/05 v2.14 Sectioning titles
\ttl@box=\box51
\beforetitleunit=\skip50
\aftertitleunit=\skip51
\ttl@plus=\dimen157
\ttl@minus=\dimen158
\ttl@toksa=\toks18
\titlewidth=\dimen159
\titlewidthlast=\dimen160
\titlewidthfirst=\dimen161
) (/nix/store/si6dfvivbdxnnc13y9gxm6l27lqwcvsj-texlive-2022-env-texmfdist/tex/latex/etoolbox/etoolbox.sty
Package: etoolbox 2020/10/05 v2.5k e-TeX tools for LaTeX (JAW)
\etb@tempcnta=\count199
)) (/nix/store/si6dfvivbdxnnc13y9gxm6l27lqwcvsj-texlive-2022-env-texmfdist/tex/latex/acronym/acronym.sty
Package: acronym 2020/04/17 v1.47 Support for acronyms (Tobias Oetiker)
 (/nix/store/si6dfvivbdxnnc13y9gxm6l27lqwcvsj-texlive-2022-env-texmfdist/tex/latex/bigfoot/suffix.sty
Package: suffix 2006/07/15 1.5a Variant command support
) (/nix/store/si6dfvivbdxnnc13y9gxm6l27lqwcvsj-texlive-2022-env-texmfdist/tex/generic/xstring/xstring.sty (/nix/store/si6dfvivbdxnnc13y9gxm6l27lqwcvsj-texlive-2022-env-texmfdist/tex/generic/xstring/xstring.tex
\integerpart=\count266
\decimalpart=\count267
)
Package: xstring 2023/01/14 v1.85 String manipulations (CT)
)
\AC@clearlist=\toks19
) (/nix/store/si6dfvivbdxnnc13y9gxm6l27lqwcvsj-texlive-2022-env-texmfdist/tex/latex/graphics/graphicx.sty
Package: graphicx 2021/09/16 v1.2d Enhanced LaTeX Graphics (DPC,SPQR)
 (/nix/store/si6dfvivbdxnnc13y9gxm6l27lqwcvsj-texlive-2022-env-texmfdist/tex/latex/graphics/graphics.sty
Package: graphics 2022/03/10 v1.4e Standard LaTeX Graphics (DPC,SPQR)
 (/nix/store/si6dfvivbdxnnc13y9gxm6l27lqwcvsj-texlive-2022-env-texmfdist/tex/latex/graphics/trig.sty
Package: trig 2021/08/11 v1.11 sin cos tan (DPC)
) (/nix/store/si6dfvivbdxnnc13y9gxm6l27lqwcvsj-texlive-2022-env-texmfdist/tex/latex/graphics-cfg/graphics.cfg
File: graphics.cfg 2016/06/04 v1.11 sample graphics configuration
)
Package graphics Info: Driver file: pdftex.def on input line 107.
 (/nix/store/si6dfvivbdxnnc13y9gxm6l27lqwcvsj-texlive-2022-env-texmfdist/tex/latex/graphics-def/pdftex.def
File: pdftex.def 2022/09/22 v1.2b Graphics/color driver for pdftex
))
\Gin@req@height=\dimen162
\Gin@req@width=\dimen163
)
(/nix/store/si6dfvivbdxnnc13y9gxm6l27lqwcvsj-texlive-2022-env-texmfdist/tex/latex/url/url.sty
\Urlmuskip=\muskip16
Package: url 2013/09/16  ver 3.4  Verb mode for urls, etc.
) (/nix/store/si6dfvivbdxnnc13y9gxm6l27lqwcvsj-texlive-2022-env-texmfdist/tex/latex/base/inputenc.sty
Package: inputenc 2021/02/14 v1.3d Input encoding file
\inpenc@prehook=\toks20
\inpenc@posthook=\toks21
) (/nix/store/si6dfvivbdxnnc13y9gxm6l27lqwcvsj-texlive-2022-env-texmfdist/tex/generic/babel/babel.sty
Package: babel 2023/02/13 3.86 The Babel package
\babel@savecnt=\count268
\U@D=\dimen164
\l@unhyphenated=\language87
 (/nix/store/si6dfvivbdxnnc13y9gxm6l27lqwcvsj-texlive-2022-env-texmfdist/tex/generic/babel/txtbabel.def)
\bbl@readstream=\read2
\bbl@dirlevel=\count269
 (/nix/store/si6dfvivbdxnnc13y9gxm6l27lqwcvsj-texlive-2022-env-texmfdist/tex/generic/babel-portuges/brazil.ldf
Language: portuges 2021/07/09 v1.2t Portuguese support from the babel system
Package babel Info: Hyphen rules for 'brazil' set to \l@portuguese
(babel)             (\language70). Reported on input line 111.
Package babel Info: Making " an active character on input line 143.
)) (/nix/store/si6dfvivbdxnnc13y9gxm6l27lqwcvsj-texlive-2022-env-texmfdist/tex/latex/listings/listings.sty
\lst@mode=\count270
\lst@gtempboxa=\box52
\lst@token=\toks22
\lst@length=\count271
\lst@currlwidth=\dimen165
\lst@column=\count272
\lst@pos=\count273
\lst@lostspace=\dimen166
\lst@width=\dimen167
\lst@newlines=\count274
\lst@lineno=\count275
\lst@maxwidth=\dimen168
 (/nix/store/si6dfvivbdxnnc13y9gxm6l27lqwcvsj-texlive-2022-env-texmfdist/tex/latex/listings/lstmisc.sty
File: lstmisc.sty 2023/02/27 1.9 (Carsten Heinz)
\c@lstnumber=\count276
\lst@skipnumbers=\count277
\lst@framebox=\box53
) (/nix/store/si6dfvivbdxnnc13y9gxm6l27lqwcvsj-texlive-2022-env-texmfdist/tex/latex/listings/listings.cfg
File: listings.cfg 2023/02/27 1.9 listings configuration
))
Package: listings 2023/02/27 1.9 (Carsten Heinz)
 (/nix/store/si6dfvivbdxnnc13y9gxm6l27lqwcvsj-texlive-2022-env-texmfdist/tex/latex/multirow/multirow.sty
Package: multirow 2021/03/15 v2.8 Span multiple rows of a table
\multirow@colwidth=\skip52
\multirow@cntb=\count278
\multirow@dima=\skip53
\bigstrutjot=\dimen169
) (/nix/store/si6dfvivbdxnnc13y9gxm6l27lqwcvsj-texlive-2022-env-texmfdist/tex/latex/makecell/makecell.sty
Package: makecell 2009/08/03 V0.1e Managing of Tab Column Heads and Cells
 (/nix/store/si6dfvivbdxnnc13y9gxm6l27lqwcvsj-texlive-2022-env-texmfdist/tex/latex/tools/array.sty
Package: array 2022/09/04 v2.5g Tabular extension package (FMi)
\col@sep=\dimen170
\ar@mcellbox=\box54
\extrarowheight=\dimen171
\NC@list=\toks23
\extratabsurround=\skip54
\backup@length=\skip55
\ar@cellbox=\box55
)
\rotheadsize=\dimen172
\c@nlinenum=\count279
\TeXr@lab=\toks24
) (/nix/store/si6dfvivbdxnnc13y9gxm6l27lqwcvsj-texlive-2022-env-texmfdist/tex/latex/tools/tabularx.sty
Package: tabularx 2020/01/15 v2.11c `tabularx' package (DPC)
\TX@col@width=\dimen173
\TX@old@table=\dimen174
\TX@old@col=\dimen175
\TX@target=\dimen176
\TX@delta=\dimen177
\TX@cols=\count280
\TX@ftn=\toks25
) (/nix/store/si6dfvivbdxnnc13y9gxm6l27lqwcvsj-texlive-2022-env-texmfdist/tex/latex/xcolor/xcolor.sty
Package: xcolor 2022/06/12 v2.14 LaTeX color extensions (UK)
 (/nix/store/si6dfvivbdxnnc13y9gxm6l27lqwcvsj-texlive-2022-env-texmfdist/tex/latex/graphics-cfg/color.cfg
File: color.cfg 2016/01/02 v1.6 sample color configuration
)
Package xcolor Info: Driver file: pdftex.def on input line 227.
 (/nix/store/si6dfvivbdxnnc13y9gxm6l27lqwcvsj-texlive-2022-env-texmfdist/tex/latex/colortbl/colortbl.sty
Package: colortbl 2022/06/20 v1.0f Color table columns (DPC)
\everycr=\toks26
\minrowclearance=\skip56
\rownum=\count281
) (/nix/store/si6dfvivbdxnnc13y9gxm6l27lqwcvsj-texlive-2022-env-texmfdist/tex/latex/graphics/mathcolor.ltx)
Package xcolor Info: Model `cmy' substituted by `cmy0' on input line 1353.
Package xcolor Info: Model `hsb' substituted by `rgb' on input line 1357.
Package xcolor Info: Model `RGB' extended on input line 1369.
Package xcolor Info: Model `HTML' substituted by `rgb' on input line 1371.
Package xcolor Info: Model `Hsb' substituted by `hsb' on input line 1372.
Package xcolor Info: Model `tHsb' substituted by `hsb' on input line 1373.
Package xcolor Info: Model `HSB' substituted by `hsb' on input line 1374.
Package xcolor Info: Model `Gray' substituted by `gray' on input line 1375.
Package xcolor Info: Model `wave' substituted by `hsb' on input line 1376.
) (/nix/store/si6dfvivbdxnnc13y9gxm6l27lqwcvsj-texlive-2022-env-texmfdist/tex/latex/float/float.sty
Package: float 2001/11/08 v1.3d Float enhancements (AL)
\c@float@type=\count282
\float@exts=\toks27
\float@box=\box56
\@float@everytoks=\toks28
\@floatcapt=\box57
) (./acronyms.tex)
LaTeX Font Info:    Trying to load font information for OT1+ptm on input line 30.
 (/nix/store/si6dfvivbdxnnc13y9gxm6l27lqwcvsj-texlive-2022-env-texmfdist/tex/latex/psnfss/ot1ptm.fd
File: ot1ptm.fd 2001/06/04 font definitions for OT1/ptm.
) (/nix/store/si6dfvivbdxnnc13y9gxm6l27lqwcvsj-texlive-2022-env-texmfdist/tex/latex/l3backend/l3backend-pdftex.def
File: l3backend-pdftex.def 2023-01-16 L3 backend support: PDF output (pdfTeX)
\l__color_backend_stack_int=\count283
\l__pdf_internal_box=\box58
) (./main.aux

LaTeX Warning: Label `fig:cenarios' multiply defined.

)
\openout1 = `main.aux'.

LaTeX Font Info:    Checking defaults for OML/cmm/m/it on input line 30.
LaTeX Font Info:    ... okay on input line 30.
LaTeX Font Info:    Checking defaults for OMS/cmsy/m/n on input line 30.
LaTeX Font Info:    ... okay on input line 30.
LaTeX Font Info:    Checking defaults for OT1/cmr/m/n on input line 30.
LaTeX Font Info:    ... okay on input line 30.
LaTeX Font Info:    Checking defaults for T1/cmr/m/n on input line 30.
LaTeX Font Info:    ... okay on input line 30.
LaTeX Font Info:    Checking defaults for TS1/cmr/m/n on input line 30.
LaTeX Font Info:    ... okay on input line 30.
LaTeX Font Info:    Checking defaults for OMX/cmex/m/n on input line 30.
LaTeX Font Info:    ... okay on input line 30.
LaTeX Font Info:    Checking defaults for U/cmr/m/n on input line 30.
LaTeX Font Info:    ... okay on input line 30.

*geometry* driver: auto-detecting
*geometry* detected driver: pdftex
*geometry* verbose mode - [ preamble ] result:
* driver: pdftex
* paper: a4paper
* layout: <same size as paper>
* layoutoffset:(h,v)=(0.0pt,0.0pt)
* modes: 
* h-part:(L,W,R)=(85.35826pt, 426.79135pt, 85.35826pt)
* v-part:(T,H,B)=(99.58464pt, 674.33032pt, 71.13188pt)
* \paperwidth=597.50787pt
* \paperheight=845.04684pt
* \textwidth=426.79135pt
* \textheight=674.33032pt
* \oddsidemargin=13.08827pt
* \evensidemargin=13.08827pt
* \topmargin=-9.68535pt
* \headheight=12.0pt
* \headsep=25.0pt
* \topskip=12.0pt
* \footskip=30.0pt
* \marginparwidth=44.0pt
* \marginparsep=10.0pt
* \columnsep=10.0pt
* \skip\footins=10.8pt plus 4.0pt minus 2.0pt
* \hoffset=0.0pt
* \voffset=0.0pt
* \mag=1000
* \@twocolumnfalse
* \@twosidefalse
* \@mparswitchfalse
* \@reversemarginfalse
* (1in=72.27pt=25.4mm, 1cm=28.453pt)

Package caption Info: Begin \AtBeginDocument code.
Package caption Info: float package is loaded.
Package caption Info: listings package is loaded.
Package caption Info: End \AtBeginDocument code.
(/nix/store/si6dfvivbdxnnc13y9gxm6l27lqwcvsj-texlive-2022-env-texmfdist/tex/context/base/mkii/supp-pdf.mkii
[Loading MPS to PDF converter (version 2006.09.02).]
\scratchcounter=\count284
\scratchdimen=\dimen178
\scratchbox=\box59
\nofMPsegments=\count285
\nofMParguments=\count286
\everyMPshowfont=\toks29
\MPscratchCnt=\count287
\MPscratchDim=\dimen179
\MPnumerator=\count288
\makeMPintoPDFobject=\count289
\everyMPtoPDFconversion=\toks30
) (/nix/store/si6dfvivbdxnnc13y9gxm6l27lqwcvsj-texlive-2022-env-texmfdist/tex/latex/epstopdf-pkg/epstopdf-base.sty
Package: epstopdf-base 2020-01-24 v2.11 Base part for package epstopdf
Package epstopdf-base Info: Redefining graphics rule for `.eps' on input line 485.
 (/nix/store/si6dfvivbdxnnc13y9gxm6l27lqwcvsj-texlive-2022-env-texmfdist/tex/latex/latexconfig/epstopdf-sys.cfg
File: epstopdf-sys.cfg 2010/07/13 v1.3 Configuration of (r)epstopdf for TeX Live
))
\c@lstlisting=\count290
LaTeX Font Info:    External font `cmex10' loaded for size
(Font)              <12> on input line 32.
LaTeX Font Info:    External font `cmex10' loaded for size
(Font)              <8> on input line 32.
LaTeX Font Info:    External font `cmex10' loaded for size
(Font)              <6> on input line 32.
LaTeX Font Info:    Trying to load font information for OT1+pcr on input line 32.
 (/nix/store/si6dfvivbdxnnc13y9gxm6l27lqwcvsj-texlive-2022-env-texmfdist/tex/latex/psnfss/ot1pcr.fd
File: ot1pcr.fd 2001/06/04 font definitions for OT1/pcr.
) (./sources/01_introducao.tex
Package acronym Info: Label `acro:ASIC' newly defined as it shall be overridden
although it is yet undefined on input line 3.
) (./sources/02_relatedworks.tex
Package acronym Info: Label `acro:IMP' newly defined as it shall be overridden
although it is yet undefined on input line 2.
) (./sources/03_metodologia.tex [1

{/nix/store/1fv1wfs3di6lk67vawzjw05iglhigkyz-texlive-2022-env/share/texmf-var/fonts/map/pdftex/updmap/pdftex.map}]
<sources/fig-cenarios.png, id=12, 838.13126pt x 532.99126pt>
File: sources/fig-cenarios.png Graphic file (type png)
<use sources/fig-cenarios.png>
Package pdftex.def Info: sources/fig-cenarios.png  used on input line 12.
(pdftex.def)             Requested size: 384.1096pt x 244.25995pt.
LaTeX Font Info:    Trying to load font information for OT1+phv on input line 13.
 (/nix/store/si6dfvivbdxnnc13y9gxm6l27lqwcvsj-texlive-2022-env-texmfdist/tex/latex/psnfss/ot1phv.fd
File: ot1phv.fd 2020/03/25 scalable font definitions for OT1/phv.
)) (./sources/04_resultados.tex [2 <./sources/fig-cenarios.png>]
LaTeX Font Info:    Trying to load font information for TS1+ptm on input line 17.
 (/nix/store/si6dfvivbdxnnc13y9gxm6l27lqwcvsj-texlive-2022-env-texmfdist/tex/latex/psnfss/ts1ptm.fd
File: ts1ptm.fd 2001/06/04 font definitions for TS1/ptm.
)
Package acronym Info: Label `acro:IP' newly defined as it shall be overridden
although it is yet undefined on input line 58.
Package acronym Info: Label `acro:DHCP' newly defined as it shall be overridden
although it is yet undefined on input line 58.

Overfull \hbox (12.40846pt too wide) in paragraph at lines 69--69
[]\OT1/pcr/m/n/12 sudo iptables -t nat -A POSTROUTING -o {iface2} -j MASQUERADE[] 
 []

Package acronym Info: Label `acro:WAN' newly defined as it shall be overridden
although it is yet undefined on input line 77.
Package acronym Info: Label `acro:LAN' newly defined as it shall be overridden
although it is yet undefined on input line 77.
<sources/fig-throughput.png, id=19, 857.8449pt x 632.3625pt>
File: sources/fig-throughput.png Graphic file (type png)
<use sources/fig-throughput.png>
Package pdftex.def Info: sources/fig-throughput.png  used on input line 85.
(pdftex.def)             Requested size: 384.1096pt x 283.15173pt.
[3]) (./sources/05_conclusao.tex) (./main.bbl) [4 <./sources/fig-throughput.png>] (./main.aux)

LaTeX Warning: There were multiply-defined labels.

 ) 
Here is how much of TeX's memory you used:
 8194 strings out of 476024
 135466 string characters out of 5772051
 1868388 words of memory out of 5000000
 28521 multiletter control sequences out of 15000+600000
 530509 words of font info for 65 fonts, out of 8000000 for 9000
 1141 hyphenation exceptions out of 8191
 72i,13n,77p,874b,420s stack positions out of 10000i,1000n,20000p,200000b,200000s
{/nix/store/si6dfvivbdxnnc13y9gxm6l27lqwcvsj-texlive-2022-env-texmfdist/fonts/enc/dvips/base/8r.enc}</nix/store/si6dfvivbdxnnc13y9gxm6l27lqwcvsj-texlive-2022-env-texmfdist/fonts/type1/public/amsfonts/cm/cmr8.pfb></nix/store/si6dfvivbdxnnc13y9gxm6l27lqwcvsj-texlive-2022-env-texmfdist/fonts/type1/urw/courier/ucrr8a.pfb></nix/store/si6dfvivbdxnnc13y9gxm6l27lqwcvsj-texlive-2022-env-texmfdist/fonts/type1/urw/helvetic/uhvb8a.pfb></nix/store/si6dfvivbdxnnc13y9gxm6l27lqwcvsj-texlive-2022-env-texmfdist/fonts/type1/urw/times/utmb8a.pfb></nix/store/si6dfvivbdxnnc13y9gxm6l27lqwcvsj-texlive-2022-env-texmfdist/fonts/type1/urw/times/utmbi8a.pfb></nix/store/si6dfvivbdxnnc13y9gxm6l27lqwcvsj-texlive-2022-env-texmfdist/fonts/type1/urw/times/utmr8a.pfb></nix/store/si6dfvivbdxnnc13y9gxm6l27lqwcvsj-texlive-2022-env-texmfdist/fonts/type1/urw/times/utmri8a.pfb>
Output written on main.pdf (4 pages, 237111 bytes).
PDF statistics:
 58 PDF objects out of 1000 (max. 8388607)
 33 compressed objects within 1 object stream
 0 named destinations out of 1000 (max. 500000)
 11 words of extra memory for PDF output out of 10000 (max. 10000000)

